<?xml version="1.0" encoding="UTF-8"?>
<!-- Generated by org.testng.reporters.JUnitXMLReporter -->
<testsuite ignored="10" hostname="DESKTOP-CQ6GMO6" failures="0" tests="27" name="Test" time="153.456" errors="0" timestamp="2023-10-17T16:49:44 PKT">
  <testcase classname="Website.Login" name="ClientLogin" time="3.783"/>
  <testcase classname="Website.ClientDashboard" name="VerifyAllJobsCount" time="1.762"/>
  <testcase classname="Website.ClientDashboard" name="VerifyCompleteJobsCount" time="1.276"/>
  <testcase classname="Website.ClientDashboard" name="VerifyInProgressJobsCount" time="0.661"/>
  <testcase classname="Website.ClientDashboard" name="VerifyDocumentsCount" time="1.08"/>
  <testcase classname="Website.ClientDashboard" name="VerifyCompletedJobsStatus" time="1.562"/>
  <testcase classname="Website.ClientDashboard" name="VerifyInProgressJobsStatus" time="0.799"/>
  <testcase classname="Website.ClientTranscriptions" name="AddDocumentFromTranscriptions" time="11.148"/>
  <testcase classname="Website.ClientTranscriptions" name="CloseButtonInTransacriptions" time="5.485"/>
  <testcase classname="Website.ClientTranscriptions" name="FilterCancelledTranscriptions" time="5.007"/>
  <testcase classname="Website.ClientTranscriptions" name="FilterCompletedTranscriptions" time="5.741"/>
  <testcase classname="Website.ClientTranscriptions" name="FilterFailedTranscriptions" time="4.633"/>
  <testcase classname="Website.ClientTranscriptions" name="FilterInProgressTranscriptions" time="4.726"/>
  <testcase classname="Website.ClientTranscriptions" name="FilterQueuedTranscriptions" time="4.983"/>
  <testcase classname="Website.ClientTranscriptions" name="SaveAndCloseWithoutSelectingAudio" time="1.614"/>
  <testcase classname="Website.ClientTranscriptions" name="SaveWithoutSelectingAudio" time="1.673"/>
  <testcase classname="Website.ClientTranscriptions" name="UploadAudioAndSave" time="7.979"/>
  <testcase classname="Website.ClientTranscriptions" name="UploadAudioSaveAndClose" time="9.186"/>
  <testcase classname="Website.ClientTranscriptions" name="UploadLargeAudioAndSave" time="3.879"/>
  <testcase classname="Website.ClientTranscriptions" name="UploadLargeAudioSaveAndClose" time="3.82"/>
  <testcase classname="Website.ClientTranscriptions" name="ViewDocumentFromTranscriptions" time="3.917"/>
  <testcase classname="Website.CommonFunctionalities" name="ChangePassword" time="1.997"/>
  <testcase classname="Website.CommonFunctionalities" name="ChangePasswordInvalid" time="1.729"/>
  <testcase classname="Website.CommonFunctionalities" name="FacebookLink" time="4.664"/>
  <testcase classname="Website.CommonFunctionalities" name="TwitterLink" time="8.623"/>
  <testcase classname="Website.CommonFunctionalities" name="SubmitTicketWithoutTitleAndMessage" time="9.892"/>
  <testcase classname="Website.CommonFunctionalities" name="SubmitTicketSuccessfully" time="10.727"/>
  <testcase classname="Website.ClientTranscriptions" name="PlayTransacription" time="0.0">
    <ignored/>
  </testcase> <!-- PlayTransacription -->
  <testcase classname="Website.ParentSetup" name="@BeforeTest OpenBrowser" time="0.0">
    <ignored/>
  </testcase> <!-- @BeforeTest OpenBrowser -->
  <testcase classname="Website.ParentSetup" name="@BeforeTest OpenBrowser" time="0.0">
    <ignored/>
  </testcase> <!-- @BeforeTest OpenBrowser -->
  <testcase classname="Website.ParentSetup" name="@BeforeTest OpenBrowser" time="0.0">
    <ignored/>
  </testcase> <!-- @BeforeTest OpenBrowser -->
  <testcase classname="Website.Login" name="StaffLogin" time="0.0">
    <ignored/>
  </testcase> <!-- StaffLogin -->
  <testcase classname="Website.CommonFunctionalities" name="CheckTitleIsMandatoryForTicket" time="0.0">
    <ignored/>
  </testcase> <!-- CheckTitleIsMandatoryForTicket -->
  <testcase classname="Website.CommonFunctionalities" name="CheckMessageIsMandatoryforTicket" time="0.0">
    <ignored/>
  </testcase> <!-- CheckMessageIsMandatoryforTicket -->
  <testcase classname="Website.ParentSetup" name="@AfterTest tearDown" time="0.0">
    <ignored/>
  </testcase> <!-- @AfterTest tearDown -->
  <testcase classname="Website.ParentSetup" name="@AfterTest tearDown" time="0.0">
    <ignored/>
  </testcase> <!-- @AfterTest tearDown -->
  <testcase classname="Website.ParentSetup" name="@AfterTest tearDown" time="0.0">
    <ignored/>
  </testcase> <!-- @AfterTest tearDown -->
</testsuite> <!-- Test -->
